        COMPILER LOG 03.08.2023 

Microsoft Windows [Version 10.0.19045.2364]
done 
        END OF LOG 03.08.2023 
        COMPILER LOG 03.08.2023 

Microsoft Windows [Version 10.0.19045.2364]
done 
0 
        END OF LOG 03.08.2023 
        COMPILER LOG 03.08.2023 

Microsoft Windows [Version 10.0.19045.2364]
done 
0 
        END OF LOG 03.08.2023 
        COMPILER LOG 03.08.2023  2:42:38,00 

Microsoft Windows [Version 10.0.19045.2364]
done 
0 
        END OF LOG 03.08.2023  2:42:38,02 
        COMPILER LOG 03.08.2023  2:43:29,52 

Microsoft Windows [Version 10.0.19045.2364]
done 
0 
        END OF LOG 03.08.2023  2:43:29,54 
        COMPILER LOG 03.08.2023  2:44:14,23 

Microsoft Windows [Version 10.0.19045.2364]
done 
0 
        END OF LOG 03.08.2023  2:44:14,25 
        COMPILER LOG 03.08.2023  2:44:22,70 

Microsoft Windows [Version 10.0.19045.2364]
done 
0 
        END OF LOG 03.08.2023  2:44:22,72 
