        COMPILER LOG 03.08.2023  2:45:29,57 

Microsoft Windows [Version 10.0.19045.2364]
done 
0 
        END OF LOG 03.08.2023  2:45:29,59 
        COMPILER LOG 03.08.2023  2:47:38,77 

Microsoft Windows [Version 10.0.19045.2364]
done 
0 
        END OF LOG 03.08.2023  2:47:38,80 
        COMPILER LOG 03.08.2023  2:47:59,62 

Microsoft Windows [Version 10.0.19045.2364]
done 
0 
        END OF LOG 03.08.2023  2:47:59,65 
        COMPILER LOG 03.08.2023  2:48:07,64 

Microsoft Windows [Version 10.0.19045.2364]
done 
0 
        END OF LOG 03.08.2023  2:48:07,66 
        COMPILER LOG 03.08.2023  2:48:13,98 

Microsoft Windows [Version 10.0.19045.2364]
done 
0 
        END OF LOG 03.08.2023  2:48:14,00 
        COMPILER LOG 03.08.2023  3:20:08,92 

Microsoft Windows [Version 10.0.19045.2364]
done 
0 
        END OF LOG 03.08.2023  3:20:08,94 
        COMPILER LOG 03.08.2023  3:23:13,76 

Microsoft Windows [Version 10.0.19045.2364]
done 
0 
        END OF LOG 03.08.2023  3:23:13,78 
        COMPILER LOG 03.08.2023  3:23:45,76 

Microsoft Windows [Version 10.0.19045.2364]
done 
0 
        END OF LOG 03.08.2023  3:23:45,78 
        COMPILER LOG 03.08.2023  3:25:10,53 

Microsoft Windows [Version 10.0.19045.2364]
done 
0 
        END OF LOG 03.08.2023  3:25:10,56 
        COMPILER LOG 03.08.2023  3:25:42,71 

Microsoft Windows [Version 10.0.19045.2364]
done 
0 
        END OF LOG 03.08.2023  3:25:42,74 
        COMPILER LOG 03.08.2023  5:30:06,07 

Microsoft Windows [Version 10.0.19045.2364]
done 
0 
        END OF LOG 03.08.2023  5:30:06,09 
        COMPILER LOG 03.08.2023  5:30:35,09 

Microsoft Windows [Version 10.0.19045.2364]
done 
0 
        END OF LOG 03.08.2023  5:30:35,12 
        COMPILER LOG 03.08.2023  5:33:26,85 

Microsoft Windows [Version 10.0.19045.2364]
done 
0 
        END OF LOG 03.08.2023  5:33:26,88 
        COMPILER LOG 03.08.2023  5:34:27,59 

Microsoft Windows [Version 10.0.19045.2364]
done 
0 
        END OF LOG 03.08.2023  5:34:27,62 
        COMPILER LOG 03.08.2023  5:34:50,13 

Microsoft Windows [Version 10.0.19045.2364]
done 
0 
        END OF LOG 03.08.2023  5:34:50,16 
        COMPILER LOG 03.08.2023  5:35:17,78 

Microsoft Windows [Version 10.0.19045.2364]
done 
0 
        END OF LOG 03.08.2023  5:35:17,81 
        COMPILER LOG 03.08.2023  5:36:04,89 

Microsoft Windows [Version 10.0.19045.2364]
done 
0 
        END OF LOG 03.08.2023  5:36:04,91 
        COMPILER LOG 03.08.2023  5:36:36,44 

Microsoft Windows [Version 10.0.19045.2364]
done 
0 
        END OF LOG 03.08.2023  5:36:36,47 
        COMPILER LOG 03.08.2023  5:37:24,41 

Microsoft Windows [Version 10.0.19045.2364]
done 
0 
        END OF LOG 03.08.2023  5:37:24,44 
        COMPILER LOG 03.08.2023  5:37:59,71 

Microsoft Windows [Version 10.0.19045.2364]
done 
0 
        END OF LOG 03.08.2023  5:37:59,74 
        COMPILER LOG 03.08.2023  5:38:17,24 

Microsoft Windows [Version 10.0.19045.2364]
done 
0 
        END OF LOG 03.08.2023  5:38:17,26 
        COMPILER LOG 03.08.2023  5:38:32,17 

Microsoft Windows [Version 10.0.19045.2364]
done 
0 
        END OF LOG 03.08.2023  5:38:32,20 
        COMPILER LOG 03.08.2023  5:39:18,42 

Microsoft Windows [Version 10.0.19045.2364]
done 
0 
        END OF LOG 03.08.2023  5:39:18,45 
        COMPILER LOG 03.08.2023  5:43:10,32 

Microsoft Windows [Version 10.0.19045.2364]
done 
0 
        END OF LOG 03.08.2023  5:43:10,35 
        COMPILER LOG 03.08.2023  5:43:42,79 

Microsoft Windows [Version 10.0.19045.2364]
done 
0 
        END OF LOG 03.08.2023  5:43:42,82 
        COMPILER LOG 03.08.2023  5:44:14,90 

Microsoft Windows [Version 10.0.19045.2364]
done 
0 
        END OF LOG 03.08.2023  5:44:14,92 
        COMPILER LOG 03.08.2023  5:44:31,68 

Microsoft Windows [Version 10.0.19045.2364]
done 
0 
        END OF LOG 03.08.2023  5:44:31,71 
        COMPILER LOG 03.08.2023  5:46:11,92 

Microsoft Windows [Version 10.0.19045.2364]
done 
0 
        END OF LOG 03.08.2023  5:46:11,95 
        COMPILER LOG 03.08.2023  5:47:04,56 

Microsoft Windows [Version 10.0.19045.2364]
done 
0 
        END OF LOG 03.08.2023  5:47:04,59 
        COMPILER LOG 03.08.2023  9:25:00,54 

Microsoft Windows [Version 10.0.19045.2364]
done 
0 
        END OF LOG 03.08.2023  9:25:00,58 
        COMPILER LOG 03.08.2023  9:25:17,53 

Microsoft Windows [Version 10.0.19045.2364]
done 
0 
        END OF LOG 03.08.2023  9:25:17,57 
